2024-07-14 19:40:11.729 | DEBUG    | __main__:<module>:22 - This is a debug message.
2024-07-14 19:40:11.730 | INFO     | __main__:<module>:23 - This is an info message.
2024-07-14 19:40:11.730 | WARNING  | __main__:<module>:24 - This is a warning message.
2024-07-14 19:40:11.731 | ERROR    | __main__:<module>:25 - This is an error message.
2024-07-14 19:41:57.686 | DEBUG    | __main__:<module>:22 - This is a debug message.
2024-07-14 19:41:57.687 | INFO     | __main__:<module>:23 - This is an info message.
2024-07-14 19:41:57.687 | WARNING  | __main__:<module>:24 - This is a warning message.
2024-07-14 19:41:57.688 | ERROR    | __main__:<module>:25 - This is an error message.
2024-07-14 19:42:20.885 | DEBUG    | __main__:<module>:22 - This is a debug message.
2024-07-14 19:42:20.895 | INFO     | __main__:<module>:23 - This is an info message.
2024-07-14 19:42:20.895 | WARNING  | __main__:<module>:24 - This is a warning message.
2024-07-14 19:42:20.895 | ERROR    | __main__:<module>:25 - This is an error message.
2024-07-14 21:29:05.706 | DEBUG    | __main__:algorithm_chat:18 - [message][]
2024-07-14 21:29:05.708 | DEBUG    | __main__:algorithm_chat:19 - [history]None
2024-07-14 21:32:31.356 | DEBUG    | chatbot.chatbot:__init__:37 - [doc] : [Document(metadata={'source': 'D://jupyter//OI_WIKI_ChatRot//algorithm_test.txt'}, page_content='[问题] 快速排序\n[回答]\n```\nvoid quick_sort(int q[], int l, int r)\n{\n    if (l >= r) return;\n \n    int i = l - 1, j = r + 1, x = q[l + r >> 1];\n    while (i < j)\n    {\n        do i ++ ; while (q[i] < x);\n        do j -- ; while (q[j] > x);\n        if (i < j) swap(q[i], q[j]);\n    }\n    quick_sort(q, l, j), quick_sort(q, j + 1, r);\n}\n```'), Document(metadata={'source': 'D://jupyter//OI_WIKI_ChatRot//algorithm_test.txt'}, page_content='[问题] 归并排序\n[回答]\n```\nvoid merge_sort(int q[], int l, int r)\n{\n    if (l >= r) return;\n \n    int mid = l + r >> 1;\n    merge_sort(q, l, mid);\n    merge_sort(q, mid + 1, r);\n \n    int k = 0, i = l, j = mid + 1;\n    while (i <= mid && j <= r)\n        if (q[i] < q[j]) tmp[k ++ ] = q[i ++ ];\n        else tmp[k ++ ] = q[j ++ ];\n \n    while (i <= mid) tmp[k ++ ] = q[i ++ ];\n    while (j <= r) tmp[k ++ ] = q[j ++ ];\n \n    for (i = l, j = 0; i <= r; i ++, j ++ ) q[i] = tmp[j];\n}\n```'), Document(metadata={'source': 'D://jupyter//OI_WIKI_ChatRot//algorithm_test.txt'}, page_content='[问题] 整数二分模板\n[回答]\n```\nbool check(int x) {/* ... */} \n \n// 区间[l, r]被划分成[l, mid]和[mid + 1, r]时使用：\nint bsearch_1(int l, int r)\n{\n    while (l < r)\n    {\n        int mid = l + r >> 1;\n        if (check(mid)) r = mid; \n        else l = mid + 1;\n    }\n    return l;\n}\nint bsearch_2(int l, int r)\n{\n    while (l < r)\n    {\n        int mid = l + r + 1 >> 1;\n        if (check(mid)) l = mid;\n        else r = mid - 1;\n    }\n    return l;\n}\n```'), Document(metadata={'source': 'D://jupyter//OI_WIKI_ChatRot//algorithm_test.txt'}, page_content='[问题] 浮点数二分模板\n[回答] \n```\nconst double eps=1e-6;\nbool check(double x) {/* ... */} \n \ndouble bsearch_3(double l,double r)\n{\n\twhile (r-l>eps)\n\t{\n\t\tdouble mid = (l + r) / 2;\n\t\tif (check(mid))  r = mid;\n\t\telse l = mid;\n\t}\n\treturn l;\n}\n```'), Document(metadata={'source': 'D://jupyter//OI_WIKI_ChatRot//algorithm_test.txt'}, page_content='[问题] 整数三分模板。\n[回答]\n```\n//以凸函数位例子 \nint check(x){.....} \t//返回判断当前点对应的函数值 \nint bsearch_1(int l, int r)\n{\n    while (l < r-1)\n    {\n    \t//三分的两个中点有两种写法\n\t\t// m1 = l+(r-l)/3;\n\t\t// m2 = r-(r-l)/3;\n        m1 = l+r>>1;\n        m2 = m1+r>>1;\n        if(check(m1) > check(m2)) r=m2;\n        else l=m1;\n    }\n    return l;\n}\n```'), Document(metadata={'source': 'D://jupyter//OI_WIKI_ChatRot//algorithm_test.txt'}, page_content='[问题] 浮点数三分模板\n[回答]\n```\n//以凸函数位例子 \ndouble check(x){.....} \t//返回判断当前点对应的函数值 \ndouble bsearch_1(double l, double r)\n{\n    while (r-l>eps)\n    {\n    \t//三分的两个中点有两种写法\n\t\t// m1 = l+(r-l)/3;\n\t\t// m2 = r-(r-l)/3;\n        m1 = (l+r)/2;\n        m2 = (m1+r)/2;\n        if(check(m1) > check(m2)) r=m2;\n        else l=m1;\n    }\n    return l;\n}\n```')]
2024-07-14 21:35:28.381 | DEBUG    | __main__:algorithm_chat:18 - [message][]
2024-07-14 21:35:28.383 | DEBUG    | __main__:algorithm_chat:19 - [history]None
2024-07-14 21:38:56.582 | DEBUG    | __main__:algorithm_chat:18 - [message][]
2024-07-14 21:38:56.583 | DEBUG    | __main__:algorithm_chat:19 - [history]None
2024-07-14 21:48:33.627 | DEBUG    | __main__:algorithm_chat:18 - [message][]
2024-07-14 21:48:33.628 | DEBUG    | __main__:algorithm_chat:19 - [history]None
2024-07-14 21:52:52.757 | DEBUG    | __main__:algorithm_chat:18 - [message][]
2024-07-14 21:52:52.758 | DEBUG    | __main__:algorithm_chat:19 - [history]None
2024-07-14 21:54:34.227 | DEBUG    | __main__:algorithm_chat:18 - [message][]
2024-07-14 21:54:34.227 | DEBUG    | __main__:algorithm_chat:19 - [history]None
2024-07-14 22:08:39.754 | DEBUG    | __main__:algorithm_chat:18 - [message][]
2024-07-14 22:08:39.754 | DEBUG    | __main__:algorithm_chat:19 - [history]None
2024-07-14 22:11:35.481 | DEBUG    | __main__:algorithm_chat:18 - [message][]
2024-07-14 22:11:35.482 | DEBUG    | __main__:algorithm_chat:19 - [history]None
2024-07-14 22:21:14.544 | DEBUG    | __main__:algorithm_chat:19 - [message][]
2024-07-14 22:21:14.544 | DEBUG    | __main__:algorithm_chat:20 - [history]None
2024-07-14 22:29:17.105 | DEBUG    | __main__:algorithm_chat:18 - [message][]
2024-07-14 22:29:17.106 | DEBUG    | __main__:algorithm_chat:19 - [history]None
2024-07-14 22:29:17.409 | ERROR    | __main__:algorithm_chat:23 - Error invoking retrieval chain: api return error, req_id: as-ghr6p98vvc code: 336002, msg: Invalid JSON
2024-07-14 22:32:13.084 | DEBUG    | __main__:algorithm_chat:18 - [message][['归并排序', 'An error occurred. Please try again.']]
2024-07-14 22:32:13.084 | DEBUG    | __main__:algorithm_chat:19 - [history]None
2024-07-14 22:32:13.515 | ERROR    | __main__:algorithm_chat:23 - Error invoking retrieval chain: api return error, req_id: as-cvi6iv2s31 code: 336002, msg: Invalid JSON
2024-07-14 22:34:36.522 | DEBUG    | __main__:algorithm_chat:18 - [message]整数二分
2024-07-14 22:34:36.523 | DEBUG    | __main__:algorithm_chat:19 - [history][]
2024-07-14 22:35:03.243 | DEBUG    | __main__:algorithm_chat:26 - [input]整数二分
2024-07-14 22:35:03.244 | DEBUG    | __main__:algorithm_chat:27 - [context][Document(metadata={'source': 'D://jupyter//OI_WIKI_ChatRot//algorithm_test.txt'}, page_content='[问题] 整数二分模板\n[回答]\n```\nbool check(int x) {/* ... */} \n \n// 区间[l, r]被划分成[l, mid]和[mid + 1, r]时使用：\nint bsearch_1(int l, int r)\n{\n    while (l < r)\n    {\n        int mid = l + r >> 1;\n        if (check(mid)) r = mid; \n        else l = mid + 1;\n    }\n    return l;\n}\nint bsearch_2(int l, int r)\n{\n    while (l < r)\n    {\n        int mid = l + r + 1 >> 1;\n        if (check(mid)) l = mid;\n        else r = mid - 1;\n    }\n    return l;\n}\n```'), Document(metadata={'source': 'D://jupyter//OI_WIKI_ChatRot//algorithm_test.txt'}, page_content='[问题] 整数三分模板。\n[回答]\n三分整数求极值的时候，往往不在 最后l  或者 r的地方取，而是遍历l~r之后取极值\n```\n//以凸函数位例子 \nint check(x){.....} \t//返回判断当前点对应的函数值 \nint bsearch_1(int l, int r)\n{\n    while (l < r-1)\n    {\n    \t//三分的两个中点有两种写法\n\t\t// m1 = l+(r-l)/3;\n\t\t// m2 = r-(r-l)/3;\n        m1 = l+r>>1;\n        m2 = m1+r>>1;\n        if(check(m1) > check(m2)) r=m2;\n        else l=m1;\n    }\n    return l;\n}\n```')]
2024-07-14 22:35:03.245 | DEBUG    | __main__:algorithm_chat:28 - [answer]在算法竞赛或者编程实践中，整数二分查找是一种非常常见且重要的技术，用于在一个有序的数组或者范围内快速定位一个特定的值或者满足特定条件的边界。

下面是对你提供的整数二分模板的逐行注释：

```cpp
// 函数check用于检测当前mid值是否满足某种条件，通常返回一个布尔值
bool check(int x) {/* ... */} 

// 二分查找模板1：当区间[l, r]被划分成[l, mid]和[mid + 1, r]时使用
// 这个模板适用于查找满足条件的最左边界（即最小值）
int bsearch_1(int l, int r)
{
    while (l < r) // 当l不等于r时循环继续，即区间内还有元素
    {
        int mid = l + r >> 1; // 等同于(l + r) / 2，取区间中点
        if (check(mid)) r = mid; // 如果mid满足条件，将搜索区间右边界调整为mid，继续在左半边搜索
        else l = mid + 1; // 如果不满足条件，将搜索区间左边界调整为mid+1，继续在右半边搜索
    }
    return l; // 返回满足条件的最左边界
}

// 二分查找模板2：这个模板与模板1类似，但适用于查找满足条件的最右边界（即最大值）
int bsearch_2(int l, int r)
{
    while (l < r) // 当l不等于r时循环继续
    {
        int mid = l + r + 1 >> 1; // 等同于(l + r + 1) / 2，这里+1是为了保证当l和r相邻时，mid偏向r，确保不会进入死循环
        if (check(mid)) l = mid; // 如果mid满足条件，将搜索区间左边界调整为mid，继续在右半边搜索
        else r = mid - 1; // 如果不满足条件，将搜索区间右边界调整为mid-1，继续在左半边搜索
    }
    return l; // 返回满足条件的最右边界
}
```

整数三分

对于三分查找，我们通常用于寻找函数的局部极值点，尤其是在函数图像呈现凸形状时。

以下是对你提供的整数三分模板的逐行注释：

```cpp
// 函数check用于返回当前点对应的函数值
int check(x){.....} 

// 三分查找模板：用于寻找凸函数的极小值点
int bsearch_1(int l, int r)
{
    while (l < r - 1) // 当区间长度大于1时继续循环
    {
        // 三分的中点计算方法，这里采用两种方式，实际上只需要一种即可
        // m1 = l + (r - l) / 3; // 第一个中点，靠近l
        // m2 = r - (r - l) / 3; // 第二个中点，靠近r
        int m1 = l + r >> 1; // 第一个中点，靠近l
        int m2 = m1 + r >> 1; // 第二个中点，靠近r

        // 根据check函数返回值判断，如果m1处函数值大于m2处，则保留m2及右边的部分
        if (check(m1) > check(m2)) r = m2;
        else l = m1; // 否则保留m1及左边的部分
    }
    // 循环结束后，l和r相邻，此时通常l和r都是潜在的极值点，需要根据实际情况决定返回哪一个
    return l; // 返回当前的极小值点
}
```

请注意，三分查找的应用场景比二分查找更为特殊，它通常用于求解连续函数的极值问题，而不是简单的有序数组查找问题。
2024-07-14 22:35:46.377 | DEBUG    | __main__:algorithm_chat:18 - [message]快速排序
2024-07-14 22:35:46.377 | DEBUG    | __main__:algorithm_chat:19 - [history][['整数二分', '在算法竞赛或者编程实践中，整数二分查找是一种非常常见且重要的技术，用于在一个有序的数组或者范围内快速定位一个特定的值或者满足特定条件的边界。\n\n下面是对你提供的整数二分模板的逐行注释：\n\n```cpp\n// 函数check用于检测当前mid值是否满足某种条件，通常返回一个布尔值\nbool check(int x) {/* ... */} \n\n// 二分查找模板1：当区间[l, r]被划分成[l, mid]和[mid + 1, r]时使用\n// 这个模板适用于查找满足条件的最左边界（即最小值）\nint bsearch_1(int l, int r)\n{\n    while (l < r) // 当l不等于r时循环继续，即区间内还有元素\n    {\n        int mid = l + r >> 1; // 等同于(l + r) / 2，取区间中点\n        if (check(mid)) r = mid; // 如果mid满足条件，将搜索区间右边界调整为mid，继续在左半边搜索\n        else l = mid + 1; // 如果不满足条件，将搜索区间左边界调整为mid+1，继续在右半边搜索\n    }\n    return l; // 返回满足条件的最左边界\n}\n\n// 二分查找模板2：这个模板与模板1类似，但适用于查找满足条件的最右边界（即最大值）\nint bsearch_2(int l, int r)\n{\n    while (l < r) // 当l不等于r时循环继续\n    {\n        int mid = l + r + 1 >> 1; // 等同于(l + r + 1) / 2，这里+1是为了保证当l和r相邻时，mid偏向r，确保不会进入死循环\n        if (check(mid)) l = mid; // 如果mid满足条件，将搜索区间左边界调整为mid，继续在右半边搜索\n        else r = mid - 1; // 如果不满足条件，将搜索区间右边界调整为mid-1，继续在左半边搜索\n    }\n    return l; // 返回满足条件的最右边界\n}\n```\n\n整数三分\n\n对于三分查找，我们通常用于寻找函数的局部极值点，尤其是在函数图像呈现凸形状时。\n\n以下是对你提供的整数三分模板的逐行注释：\n\n```cpp\n// 函数check用于返回当前点对应的函数值\nint check(x){.....} \n\n// 三分查找模板：用于寻找凸函数的极小值点\nint bsearch_1(int l, int r)\n{\n    while (l < r - 1) // 当区间长度大于1时继续循环\n    {\n        // 三分的中点计算方法，这里采用两种方式，实际上只需要一种即可\n        // m1 = l + (r - l) / 3; // 第一个中点，靠近l\n        // m2 = r - (r - l) / 3; // 第二个中点，靠近r\n        int m1 = l + r >> 1; // 第一个中点，靠近l\n        int m2 = m1 + r >> 1; // 第二个中点，靠近r\n\n        // 根据check函数返回值判断，如果m1处函数值大于m2处，则保留m2及右边的部分\n        if (check(m1) > check(m2)) r = m2;\n        else l = m1; // 否则保留m1及左边的部分\n    }\n    // 循环结束后，l和r相邻，此时通常l和r都是潜在的极值点，需要根据实际情况决定返回哪一个\n    return l; // 返回当前的极小值点\n}\n```\n\n请注意，三分查找的应用场景比二分查找更为特殊，它通常用于求解连续函数的极值问题，而不是简单的有序数组查找问题。']]
2024-07-14 22:36:00.040 | DEBUG    | __main__:algorithm_chat:26 - [input]快速排序
2024-07-14 22:36:00.041 | DEBUG    | __main__:algorithm_chat:27 - [context][Document(metadata={'source': 'D://jupyter//OI_WIKI_ChatRot//algorithm_test.txt'}, page_content='[问题] 快速排序\n[回答]\n```\nvoid quick_sort(int q[], int l, int r)\n{\n    if (l >= r) return;\n \n    int i = l - 1, j = r + 1, x = q[l + r >> 1];\n    while (i < j)\n    {\n        do i ++ ; while (q[i] < x);\n        do j -- ; while (q[j] > x);\n        if (i < j) swap(q[i], q[j]);\n    }\n    quick_sort(q, l, j), quick_sort(q, j + 1, r);\n}\n```')]
2024-07-14 22:36:00.041 | DEBUG    | __main__:algorithm_chat:28 - [answer]快速排序（Quick Sort）是由东尼·霍尔（Tony Hoare）在1960年提出的一种高效的排序算法。它采用了分而治之的策略，将大问题分解成小问题来递归解决。

下面是对你提供的快速排序代码的逐行注释：

```c
void quick_sort(int q[], int l, int r)
{
    // 如果左边界索引大于等于右边界索引，说明子数组长度为0或1，无需排序直接返回
    if (l >= r) return;

    // 初始化i和j分别为左边界和右边界，x为中间位置的元素（这里使用了位运算来取中间位置）
    int i = l - 1, j = r + 1, x = q[l + r >> 1];

    // 使用两个指针i和j进行遍历，直到i<j为止
    while (i < j)
    {
        // i向右移动，直到找到一个大于等于x的元素
        do i ++ ; while (q[i] < x);
        // j向左移动，直到找到一个小于等于x的元素
        do j -- ; while (q[j] > x);
        // 如果i<j，交换两个元素，确保左边的元素都小于等于x，右边的元素都大于等于x
        if (i < j) swap(q[i], q[j]);
    }
    // 递归地对左边的子数组进行快速排序
    quick_sort(q, l, j);
    // 递归地对右边的子数组进行快速排序
    quick_sort(q, j + 1, r);
}
```

需要注意的是，这段代码中有一个假设：有一个名为`swap`的函数已经定义，用于交换两个元素的值。

快速排序的性能取决于分割的平衡程度，最佳情况下时间复杂度为O(nlogn)，最差情况下时间复杂度为O(n^2)。但实际使用中，通过选择合适的枢轴（pivot）和优化，可以使其平均性能接近最优。
2024-07-14 22:39:05.690 | DEBUG    | __main__:algorithm_chat:18 - [message]整数二分
2024-07-14 22:39:05.691 | DEBUG    | __main__:algorithm_chat:19 - [history][]
2024-07-14 22:39:24.480 | DEBUG    | __main__:algorithm_chat:26 - [input]整数二分
2024-07-14 22:39:24.480 | DEBUG    | __main__:algorithm_chat:27 - [context][Document(metadata={'source': 'D://jupyter//OI_WIKI_ChatRot//algorithm_test.txt'}, page_content='[问题] 整数二分模板\n[回答]\n```\nbool check(int x) {/* ... */} \n \n// 区间[l, r]被划分成[l, mid]和[mid + 1, r]时使用：\nint bsearch_1(int l, int r)\n{\n    while (l < r)\n    {\n        int mid = l + r >> 1;\n        if (check(mid)) r = mid; \n        else l = mid + 1;\n    }\n    return l;\n}\nint bsearch_2(int l, int r)\n{\n    while (l < r)\n    {\n        int mid = l + r + 1 >> 1;\n        if (check(mid)) l = mid;\n        else r = mid - 1;\n    }\n    return l;\n}\n```')]
2024-07-14 22:39:24.481 | DEBUG    | __main__:algorithm_chat:28 - [answer]整数二分查找是一种在有序数组中查找某一特定元素的搜索算法。这种算法通过每次将数组分成两半来缩小搜索范围，从而加快搜索速度。下面是对您给出的代码的逐行注释，以解释其工作原理。

```cpp
// 定义一个函数，用于检查在某种条件下，给定的中间值是否满足条件
bool check(int x) {/* ... */} 

// 第一个二分查找模板，当区间[l, r]被划分成[l, mid]和[mid + 1, r]时使用
// 意味着当check函数返回true时，我们只搜索左半部分，否则搜索右半部分
int bsearch_1(int l, int r)
{
    while (l < r) // 当左边界小于右边界时，继续搜索
    {
        int mid = l + r >> 1; // 计算中间值，等价于(l + r) / 2，但这样写可以防止溢出
        if (check(mid)) r = mid; // 如果check函数为true，搜索区间缩小到[l, mid]
        else l = mid + 1; // 否则，搜索区间变为[mid + 1, r]
    }
    return l; // 最终，l和r会相等，此时l就是我们要找的值
}

// 第二个二分查找模板，与第一个模板的不同之处在于如何计算mid
// 这个模板适用于当区间[l, r]被划分成[l, mid - 1]和[mid, r]时
int bsearch_2(int l, int r)
{
    while (l < r) // 当左边界小于右边界时，继续搜索
    {
        int mid = l + r + 1 >> 1; // 这里+1是为了保证当l和r相差1时，mid仍然在右侧
        if (check(mid)) l = mid; // 如果check为true，搜索区间变为[mid, r]
        else r = mid - 1; // 否则，搜索区间变为[l, mid - 1]
    }
    return l; // 同样，最终返回l，此时l和r相等
}
```

这两个模板的区别在于处理`mid`的计算方式以及`check`函数返回`true`和`false`时如何更新搜索区间。`bsearch_1`模板在`check`返回`true`时将搜索区间缩小到左侧，而`bsearch_2`则是在`check`返回`true`时将搜索区间缩小到右侧。

注意：`check`函数的具体实现取决于问题的具体要求。它应该返回一个布尔值，表示在给定的条件下，`mid`是否满足条件。如果满足，则`check`返回`true`；否则返回`false`。
